<?xml version="1.0" encoding="UTF-8"?>
<testsuite xmlns:xsi="http://www.w3.org/2001/XMLSchema-instance" xsi:noNamespaceSchemaLocation="https://maven.apache.org/surefire/maven-surefire-plugin/xsd/surefire-test-report-3.0.xsd" version="3.0" name="tatsuya0924.test.VectorTest" time="0.032" tests="2" errors="0" skipped="0" failures="0">
  <properties>
[...]
</properties>
  <testcase name="testEqual" classname="tatsuya0924.test.VectorTest" time="0.009">
    <system-out><![CDATA[BeforeAll: Test class setup.
BeforeEach: Test method setup.
equal with valid arguments
equal with null arguments
AfterEach: Test method teardown.
]]></system-out>
  </testcase>
  <testcase name="testScalarMultiplication" classname="tatsuya0924.test.VectorTest" time="0.009">
    <system-out><![CDATA[BeforeEach: Test method setup.
scalarMultiplication with valid arguments
scalarMultiplication with null arguments
AfterEach: Test method teardown.
]]></system-out>
  </testcase>
</testsuite>